Arguments: 
  /usr/local/Cellar/node/14.7.0/bin/node /Users/ajbozart/anaconda3/envs/new3/lib/python3.7/site-packages/jupyterlab/staging/yarn.js

PATH: 
  /Users/ajbozart/anaconda3/envs/new3/bin:/Users/ajbozart/anaconda3/condabin:/Users/ajbozart/workspace/spark/ajbozarth_spark/bin:/usr/local/bin:/usr/bin:/bin:/usr/sbin:/sbin:/usr/local/MacGPG2/bin

Yarn version: 
  1.21.1

Node version: 
  14.7.0

Platform: 
  darwin x64

Trace: 
  Error: https://registry.yarnpkg.com/@ajbozarth%2fmylibrary: Not found
      at Request.params.callback [as _callback] (/Users/ajbozart/anaconda3/envs/new3/lib/python3.7/site-packages/jupyterlab/staging/yarn.js:78477:18)
      at Request.self.callback (/Users/ajbozart/anaconda3/envs/new3/lib/python3.7/site-packages/jupyterlab/staging/yarn.js:135083:22)
      at Request.emit (events.js:314:20)
      at Request.<anonymous> (/Users/ajbozart/anaconda3/envs/new3/lib/python3.7/site-packages/jupyterlab/staging/yarn.js:136055:10)
      at Request.emit (events.js:314:20)
      at IncomingMessage.<anonymous> (/Users/ajbozart/anaconda3/envs/new3/lib/python3.7/site-packages/jupyterlab/staging/yarn.js:135977:12)
      at Object.onceWrapper (events.js:420:28)
      at IncomingMessage.emit (events.js:326:22)
      at endReadableNT (_stream_readable.js:1244:12)
      at processTicksAndRejections (internal/process/task_queues.js:80:21)

npm manifest: 
  {
    "name": "@ajbozarth/myextension",
    "version": "0.1.0",
    "description": "A JupyterLab extension.",
    "keywords": [
      "jupyter",
      "jupyterlab",
      "jupyterlab-extension"
    ],
    "homepage": "https://github.com/my_name/myextension",
    "bugs": {
      "url": "https://github.com/my_name/myextension/issues"
    },
    "license": "BSD-3-Clause",
    "author": "",
    "files": [
      "lib/**/*.{d.ts,eot,gif,html,jpg,js,js.map,json,png,svg,woff2,ttf}",
      "style/**/*.{css,eot,gif,html,jpg,json,png,svg,woff2,ttf}"
    ],
    "main": "lib/index.js",
    "types": "lib/index.d.ts",
    "style": "style/index.css",
    "repository": {
      "type": "git",
      "url": "https://github.com/my_name/myextension.git"
    },
    "scripts": { 
      "build": "tsc",
      "clean": "rimraf lib tsconfig.tsbuildinfo", 
      "eslint": "eslint . --ext .ts,.tsx --fix",
      "eslint:check": "eslint . --ext .ts,.tsx",
      "prepare": "jlpm run clean && jlpm run build",
      "watch": "tsc -w"
    },
    "dependencies": {
      "@jupyterlab/application": "^3.0.0-rc.5",
      "@ajbozarth/mylibrary": "0.1.0"
    },
    "devDependencies": {
      "@typescript-eslint/eslint-plugin": "^2.25.0",
      "@typescript-eslint/parser": "^2.25.0",
      "eslint": "^6.8.0",
      "eslint-config-prettier": "^6.10.1",
      "eslint-plugin-prettier": "^3.1.2", 
      "prettier": "1.16.4",
      "rimraf": "^2.6.1",
      "typescript": "~3.7.0"
    },
    "sideEffects": [
      "style/*.css"
    ],
    "jupyterlab": { 
      "extension": true
    }
  }

yarn manifest: 
  No manifest

Lockfile: 
  No lockfile
